This file contains any messages produced by compilers while
running configure, to aid debugging if configure makes a mistake.

It was created by configure, which was
generated by GNU Autoconf 2.59.  Invocation command line was

  $ ./configure --disable-dependency-tracking --prefix=./Toppler.app/Contents/Resources/toppler --exec-prefix=./Toppler.app/Contents/MacOS --bindir=./Toppler.app/Contents/MacOS

## --------- ##
## Platform. ##
## --------- ##

hostname = powerbook.censoft.com
uname -m = i386
uname -r = 8.10.1
uname -s = Darwin
uname -v = Darwin Kernel Version 8.10.1: Wed May 23 16:33:00 PDT 2007; root:xnu-792.22.5~1/RELEASE_I386

/usr/bin/uname -p = i386
/bin/uname -X     = unknown

/bin/arch              = unknown
/usr/bin/arch -k       = unknown
/usr/convex/getsysinfo = unknown
hostinfo               = Mach kernel version:
	 Darwin Kernel Version 8.10.1: Wed May 23 16:33:00 PDT 2007; root:xnu-792.22.5~1/RELEASE_I386
Kernel configured for up to 2 processors.
2 processors are physically available.
2 processors are logically available.
Processor type: i486 (Intel 80486)
Processors active: 0 1
Primary memory available: 3.00 gigabytes
Default processor set: 85 tasks, 271 threads, 2 processors
Load average: 0.71, Mach factor: 1.28
/bin/machine           = unknown
/usr/bin/oslevel       = unknown
/bin/universe          = unknown

PATH: /opt/local/bin
PATH: /opt/local/sbin
PATH: /Users/jasonk/bin
PATH: /bin
PATH: /sbin
PATH: /usr/bin
PATH: /usr/sbin
PATH: /usr/games
PATH: /usr/local/bin
PATH: /usr/local/mysql/bin


## ----------- ##
## Core tests. ##
## ----------- ##

configure:1337: checking build system type
configure:1355: result: i386-apple-darwin8.10.1
configure:1363: checking host system type
configure:1377: result: i386-apple-darwin8.10.1
configure:1385: checking target system type
configure:1399: result: i386-apple-darwin8.10.1
configure:1427: checking for a BSD-compatible install
configure:1482: result: /usr/bin/install -c
configure:1493: checking whether build environment is sane
configure:1536: result: yes
configure:1570: checking for gawk
configure:1599: result: no
configure:1570: checking for mawk
configure:1599: result: no
configure:1570: checking for nawk
configure:1599: result: no
configure:1570: checking for awk
configure:1586: found /usr/bin/awk
configure:1596: result: awk
configure:1606: checking whether make sets $(MAKE)
configure:1626: result: yes
configure:1734: checking whether to enable maintainer-specific portions of Makefiles
configure:1743: result: no
configure:1791: checking for gawk
configure:1817: result: awk
configure:1879: checking for g++
configure:1895: found /Users/jasonk/bin/g++
configure:1905: result: g++
configure:1921: checking for C++ compiler version
configure:1924: g++ --version </dev/null >&5
i686-apple-darwin8-g++-4.0.1 (GCC) 4.0.1 (Apple Computer, Inc. build 5363)
Copyright (C) 2005 Free Software Foundation, Inc.
This is free software; see the source for copying conditions.  There is NO
warranty; not even for MERCHANTABILITY or FITNESS FOR A PARTICULAR PURPOSE.

configure:1927: $? = 0
configure:1929: g++ -v </dev/null >&5
Using built-in specs.
Target: i686-apple-darwin8
Configured with: /private/var/tmp/gcc/gcc-5363.obj~28/src/configure --disable-checking -enable-werror --prefix=/usr --mandir=/share/man --enable-languages=c,objc,c++,obj-c++ --program-transform-name=/^[cg][^.-]*$/s/$/-4.0/ --with-gxx-include-dir=/include/c++/4.0.0 --with-slibdir=/usr/lib --build=powerpc-apple-darwin8 --with-arch=nocona --with-tune=generic --program-prefix= --host=i686-apple-darwin8 --target=i686-apple-darwin8
Thread model: posix
gcc version 4.0.1 (Apple Computer, Inc. build 5363)
configure:1932: $? = 0
configure:1934: g++ -V </dev/null >&5
g++: argument to `-V' is missing
configure:1937: $? = 1
configure:1960: checking for C++ compiler default output file name
configure:1963: g++ -arch i386 -arch ppc -Wall -arch i386 -arch ppc conftest.cc -lintl >&5
configure:1966: $? = 0
configure:2012: result: a.out
configure:2017: checking whether the C++ compiler works
configure:2023: ./a.out
configure:2026: $? = 0
configure:2043: result: yes
configure:2050: checking whether we are cross compiling
configure:2052: result: no
configure:2055: checking for suffix of executables
configure:2057: g++ -o conftest -arch i386 -arch ppc -Wall -arch i386 -arch ppc conftest.cc -lintl >&5
configure:2060: $? = 0
configure:2085: result: 
configure:2091: checking for suffix of object files
configure:2112: g++ -c -arch i386 -arch ppc -Wall conftest.cc >&5
configure:2115: $? = 0
configure:2137: result: o
configure:2141: checking whether we are using the GNU C++ compiler
configure:2165: g++ -c -arch i386 -arch ppc -Wall conftest.cc >&5
configure:2171: $? = 0
configure:2175: test -z 
			 || test ! -s conftest.err
configure:2178: $? = 0
configure:2181: test -s conftest.o
configure:2184: $? = 0
configure:2197: result: yes
configure:2203: checking whether g++ accepts -g
configure:2224: g++ -c -g -Wall conftest.cc >&5
configure:2230: $? = 0
configure:2234: test -z 
			 || test ! -s conftest.err
configure:2237: $? = 0
configure:2240: test -s conftest.o
configure:2243: $? = 0
configure:2254: result: yes
configure:2296: g++ -c -arch i386 -arch ppc -Wall conftest.cc >&5
configure:2302: $? = 0
configure:2306: test -z 
			 || test ! -s conftest.err
configure:2309: $? = 0
configure:2312: test -s conftest.o
configure:2315: $? = 0
configure:2341: g++ -c -arch i386 -arch ppc -Wall conftest.cc >&5
conftest.cc: In function 'int main()':
conftest.cc:20: error: 'exit' was not declared in this scope
conftest.cc: In function 'int main()':
conftest.cc:20: error: 'exit' was not declared in this scope
lipo: can't figure out the architecture type of: /var/tmp//ccs5XR6w.out
configure:2347: $? = 1
configure: failed program was:
| /* confdefs.h.  */
| 
| #define PACKAGE_NAME ""
| #define PACKAGE_TARNAME ""
| #define PACKAGE_VERSION ""
| #define PACKAGE_STRING ""
| #define PACKAGE_BUGREPORT ""
| #define PACKAGE "toppler"
| #define VERSION "1.1.1"
| #define SYS_LINUX 0
| #define SYS_WINDOWS 1
| #define SYS_BEOS 2
| #define SYS_MACOSX 3
| #define SYSTEM SYS_LINUX
| /* end confdefs.h.  */
| 
| int
| main ()
| {
| exit (42);
|   ;
|   return 0;
| }
configure:2296: g++ -c -arch i386 -arch ppc -Wall conftest.cc >&5
/usr/include/stdlib.h:158: error: declaration of 'void std::exit(int)' throws different exceptions
conftest.cc:16: error: than previous declaration 'void std::exit(int) throw ()'
/usr/include/stdlib.h:158: error: declaration of 'void std::exit(int)' throws different exceptions
conftest.cc:16: error: than previous declaration 'void std::exit(int) throw ()'
lipo: can't figure out the architecture type of: /var/tmp//ccndxnvm.out
configure:2302: $? = 1
configure: failed program was:
| /* confdefs.h.  */
| 
| #define PACKAGE_NAME ""
| #define PACKAGE_TARNAME ""
| #define PACKAGE_VERSION ""
| #define PACKAGE_STRING ""
| #define PACKAGE_BUGREPORT ""
| #define PACKAGE "toppler"
| #define VERSION "1.1.1"
| #define SYS_LINUX 0
| #define SYS_WINDOWS 1
| #define SYS_BEOS 2
| #define SYS_MACOSX 3
| #define SYSTEM SYS_LINUX
| /* end confdefs.h.  */
| extern "C" void std::exit (int) throw (); using std::exit;
| #include <stdlib.h>
| int
| main ()
| {
| exit (42);
|   ;
|   return 0;
| }
configure:2296: g++ -c -arch i386 -arch ppc -Wall conftest.cc >&5
configure:2302: $? = 0
configure:2306: test -z 
			 || test ! -s conftest.err
configure:2309: $? = 0
configure:2312: test -s conftest.o
configure:2315: $? = 0
configure:2341: g++ -c -arch i386 -arch ppc -Wall conftest.cc >&5
configure:2347: $? = 0
configure:2351: test -z 
			 || test ! -s conftest.err
configure:2354: $? = 0
configure:2357: test -s conftest.o
configure:2360: $? = 0
configure:2391: checking for style of include used by make
configure:2419: result: GNU
configure:2426: checking dependency style of g++
configure:2488: result: none
configure:2539: checking for gcc
configure:2555: found /Users/jasonk/bin/gcc
configure:2565: result: gcc
configure:2809: checking for C compiler version
configure:2812: gcc --version </dev/null >&5
i686-apple-darwin8-gcc-4.0.1 (GCC) 4.0.1 (Apple Computer, Inc. build 5363)
Copyright (C) 2005 Free Software Foundation, Inc.
This is free software; see the source for copying conditions.  There is NO
warranty; not even for MERCHANTABILITY or FITNESS FOR A PARTICULAR PURPOSE.

configure:2815: $? = 0
configure:2817: gcc -v </dev/null >&5
Using built-in specs.
Target: i686-apple-darwin8
Configured with: /private/var/tmp/gcc/gcc-5363.obj~28/src/configure --disable-checking -enable-werror --prefix=/usr --mandir=/share/man --enable-languages=c,objc,c++,obj-c++ --program-transform-name=/^[cg][^.-]*$/s/$/-4.0/ --with-gxx-include-dir=/include/c++/4.0.0 --with-slibdir=/usr/lib --build=powerpc-apple-darwin8 --with-arch=nocona --with-tune=generic --program-prefix= --host=i686-apple-darwin8 --target=i686-apple-darwin8
Thread model: posix
gcc version 4.0.1 (Apple Computer, Inc. build 5363)
configure:2820: $? = 0
configure:2822: gcc -V </dev/null >&5
gcc: argument to `-V' is missing
configure:2825: $? = 1
configure:2828: checking whether we are using the GNU C compiler
configure:2852: gcc -c -arch ppc -arch i386 -Wall conftest.c >&5
configure:2858: $? = 0
configure:2862: test -z 
			 || test ! -s conftest.err
configure:2865: $? = 0
configure:2868: test -s conftest.o
configure:2871: $? = 0
configure:2884: result: yes
configure:2890: checking whether gcc accepts -g
configure:2911: gcc -c -g -Wall conftest.c >&5
configure:2917: $? = 0
configure:2921: test -z 
			 || test ! -s conftest.err
configure:2924: $? = 0
configure:2927: test -s conftest.o
configure:2930: $? = 0
configure:2941: result: yes
configure:2958: checking for gcc option to accept ANSI C
configure:3028: gcc  -c -arch ppc -arch i386 -Wall conftest.c >&5
configure:3034: $? = 0
configure:3038: test -z 
			 || test ! -s conftest.err
configure:3041: $? = 0
configure:3044: test -s conftest.o
configure:3047: $? = 0
configure:3065: result: none needed
configure:3083: gcc -c -arch ppc -arch i386 -Wall conftest.c >&5
conftest.c:2: error: parse error before 'me'
conftest.c:2: error: parse error before 'me'
lipo: can't figure out the architecture type of: /var/tmp//cczAoZL5.out
configure:3089: $? = 1
configure: failed program was:
| #ifndef __cplusplus
|   choke me
| #endif
configure:3224: checking dependency style of gcc
configure:3286: result: none
configure:3304: checking for a BSD-compatible install
configure:3359: result: /usr/bin/install -c
configure:3370: checking whether ln -s works
configure:3374: result: yes
configure:3426: checking for sdl-config
configure:3444: found /usr/local/bin/sdl-config
configure:3457: result: /usr/local/bin/sdl-config
configure:3465: checking for SDL - version >= 1.2.0
configure:3555: gcc -o conftest -arch ppc -arch i386 -I/usr/local/include/SDL -D_GNU_SOURCE=1 -D_THREAD_SAFE -Wall -arch i386 -arch ppc conftest.c -lintl -L/usr/local/lib -lSDLmain -lSDL -framework Cocoa -framework OpenGL >&5
configure:3558: $? = 0
configure:3560: ./conftest
configure:3563: $? = 0
configure:3581: result: yes
configure:3682: checking for main in -lSDL_mixer
configure:3706: gcc -o conftest -arch ppc -arch i386 -Wall -I/usr/local/include/SDL -D_GNU_SOURCE=1 -D_THREAD_SAFE -arch i386 -arch ppc conftest.c -lSDL_mixer  -lintl -L/usr/local/lib -lSDLmain -lSDL -framework Cocoa -framework OpenGL >&5
configure:3712: $? = 0
configure:3716: test -z 
			 || test ! -s conftest.err
configure:3719: $? = 0
configure:3722: test -s conftest
configure:3725: $? = 0
configure:3738: result: yes
configure:3754: checking for uncompress in -lz
configure:3784: gcc -o conftest -arch ppc -arch i386 -Wall -I/usr/local/include/SDL -D_GNU_SOURCE=1 -D_THREAD_SAFE -arch i386 -arch ppc conftest.c -lz  -lSDL_mixer -lintl -L/usr/local/lib -lSDLmain -lSDL -framework Cocoa -framework OpenGL >&5
configure:3790: $? = 0
configure:3794: test -z 
			 || test ! -s conftest.err
configure:3797: $? = 0
configure:3800: test -s conftest
configure:3803: $? = 0
configure:3816: result: yes
configure:3841: checking for dirent.h that defines DIR
configure:3865: gcc -c -arch ppc -arch i386 -Wall -I/usr/local/include/SDL -D_GNU_SOURCE=1 -D_THREAD_SAFE conftest.c >&5
configure:3871: $? = 0
configure:3875: test -z 
			 || test ! -s conftest.err
configure:3878: $? = 0
configure:3881: test -s conftest.o
configure:3884: $? = 0
configure:3895: result: yes
configure:3908: checking for library containing opendir
configure:3938: gcc -o conftest -arch ppc -arch i386 -Wall -I/usr/local/include/SDL -D_GNU_SOURCE=1 -D_THREAD_SAFE -arch i386 -arch ppc conftest.c -lz -lSDL_mixer -lintl -L/usr/local/lib -lSDLmain -lSDL -framework Cocoa -framework OpenGL >&5
configure:3944: $? = 0
configure:3948: test -z 
			 || test ! -s conftest.err
configure:3951: $? = 0
configure:3954: test -s conftest
configure:3957: $? = 0
configure:4027: result: none required
configure:4168: checking how to run the C preprocessor
configure:4203: gcc -E -Wall -I/usr/local/include/SDL -D_GNU_SOURCE=1 -D_THREAD_SAFE conftest.c
configure:4209: $? = 0
configure:4241: gcc -E -Wall -I/usr/local/include/SDL -D_GNU_SOURCE=1 -D_THREAD_SAFE conftest.c
conftest.c:22:28: error: ac_nonexistent.h: No such file or directory
configure:4247: $? = 1
configure: failed program was:
| /* confdefs.h.  */
| 
| #define PACKAGE_NAME ""
| #define PACKAGE_TARNAME ""
| #define PACKAGE_VERSION ""
| #define PACKAGE_STRING ""
| #define PACKAGE_BUGREPORT ""
| #define PACKAGE "toppler"
| #define VERSION "1.1.1"
| #define SYS_LINUX 0
| #define SYS_WINDOWS 1
| #define SYS_BEOS 2
| #define SYS_MACOSX 3
| #define SYSTEM SYS_LINUX
| #ifdef __cplusplus
| extern "C" void std::exit (int); using std::exit;
| #endif
| #define HAVE_LIBSDL_MIXER 1
| #define HAVE_LIBZ 1
| #define HAVE_DIRENT_H 1
| /* end confdefs.h.  */
| #include <ac_nonexistent.h>
configure:4286: result: gcc -E
configure:4310: gcc -E -Wall -I/usr/local/include/SDL -D_GNU_SOURCE=1 -D_THREAD_SAFE conftest.c
configure:4316: $? = 0
configure:4348: gcc -E -Wall -I/usr/local/include/SDL -D_GNU_SOURCE=1 -D_THREAD_SAFE conftest.c
conftest.c:22:28: error: ac_nonexistent.h: No such file or directory
configure:4354: $? = 1
configure: failed program was:
| /* confdefs.h.  */
| 
| #define PACKAGE_NAME ""
| #define PACKAGE_TARNAME ""
| #define PACKAGE_VERSION ""
| #define PACKAGE_STRING ""
| #define PACKAGE_BUGREPORT ""
| #define PACKAGE "toppler"
| #define VERSION "1.1.1"
| #define SYS_LINUX 0
| #define SYS_WINDOWS 1
| #define SYS_BEOS 2
| #define SYS_MACOSX 3
| #define SYSTEM SYS_LINUX
| #ifdef __cplusplus
| extern "C" void std::exit (int); using std::exit;
| #endif
| #define HAVE_LIBSDL_MIXER 1
| #define HAVE_LIBZ 1
| #define HAVE_DIRENT_H 1
| /* end confdefs.h.  */
| #include <ac_nonexistent.h>
configure:4398: checking for egrep
configure:4408: result: grep -E
configure:4413: checking for ANSI C header files
configure:4438: gcc -c -arch ppc -arch i386 -Wall -I/usr/local/include/SDL -D_GNU_SOURCE=1 -D_THREAD_SAFE conftest.c >&5
configure:4444: $? = 0
configure:4448: test -z 
			 || test ! -s conftest.err
configure:4451: $? = 0
configure:4454: test -s conftest.o
configure:4457: $? = 0
configure:4543: gcc -o conftest -arch ppc -arch i386 -Wall -I/usr/local/include/SDL -D_GNU_SOURCE=1 -D_THREAD_SAFE -arch i386 -arch ppc conftest.c -lz -lSDL_mixer -lintl -L/usr/local/lib -lSDLmain -lSDL -framework Cocoa -framework OpenGL >&5
conftest.c: In function 'main':
conftest.c:39: warning: implicit declaration of function 'exit'
conftest.c:39: warning: incompatible implicit declaration of built-in function 'exit'
conftest.c: In function 'main':
conftest.c:39: warning: implicit declaration of function 'exit'
conftest.c:39: warning: incompatible implicit declaration of built-in function 'exit'
configure:4546: $? = 0
configure:4548: ./conftest
configure:4551: $? = 0
configure:4566: result: yes
configure:4590: checking for sys/types.h
configure:4606: gcc -c -arch ppc -arch i386 -Wall -I/usr/local/include/SDL -D_GNU_SOURCE=1 -D_THREAD_SAFE conftest.c >&5
configure:4612: $? = 0
configure:4616: test -z 
			 || test ! -s conftest.err
configure:4619: $? = 0
configure:4622: test -s conftest.o
configure:4625: $? = 0
configure:4636: result: yes
configure:4590: checking for sys/stat.h
configure:4606: gcc -c -arch ppc -arch i386 -Wall -I/usr/local/include/SDL -D_GNU_SOURCE=1 -D_THREAD_SAFE conftest.c >&5
configure:4612: $? = 0
configure:4616: test -z 
			 || test ! -s conftest.err
configure:4619: $? = 0
configure:4622: test -s conftest.o
configure:4625: $? = 0
configure:4636: result: yes
configure:4590: checking for stdlib.h
configure:4606: gcc -c -arch ppc -arch i386 -Wall -I/usr/local/include/SDL -D_GNU_SOURCE=1 -D_THREAD_SAFE conftest.c >&5
configure:4612: $? = 0
configure:4616: test -z 
			 || test ! -s conftest.err
configure:4619: $? = 0
configure:4622: test -s conftest.o
configure:4625: $? = 0
configure:4636: result: yes
configure:4590: checking for string.h
configure:4606: gcc -c -arch ppc -arch i386 -Wall -I/usr/local/include/SDL -D_GNU_SOURCE=1 -D_THREAD_SAFE conftest.c >&5
configure:4612: $? = 0
configure:4616: test -z 
			 || test ! -s conftest.err
configure:4619: $? = 0
configure:4622: test -s conftest.o
configure:4625: $? = 0
configure:4636: result: yes
configure:4590: checking for memory.h
configure:4606: gcc -c -arch ppc -arch i386 -Wall -I/usr/local/include/SDL -D_GNU_SOURCE=1 -D_THREAD_SAFE conftest.c >&5
configure:4612: $? = 0
configure:4616: test -z 
			 || test ! -s conftest.err
configure:4619: $? = 0
configure:4622: test -s conftest.o
configure:4625: $? = 0
configure:4636: result: yes
configure:4590: checking for strings.h
configure:4606: gcc -c -arch ppc -arch i386 -Wall -I/usr/local/include/SDL -D_GNU_SOURCE=1 -D_THREAD_SAFE conftest.c >&5
configure:4612: $? = 0
configure:4616: test -z 
			 || test ! -s conftest.err
configure:4619: $? = 0
configure:4622: test -s conftest.o
configure:4625: $? = 0
configure:4636: result: yes
configure:4590: checking for inttypes.h
configure:4606: gcc -c -arch ppc -arch i386 -Wall -I/usr/local/include/SDL -D_GNU_SOURCE=1 -D_THREAD_SAFE conftest.c >&5
configure:4612: $? = 0
configure:4616: test -z 
			 || test ! -s conftest.err
configure:4619: $? = 0
configure:4622: test -s conftest.o
configure:4625: $? = 0
configure:4636: result: yes
configure:4590: checking for stdint.h
configure:4606: gcc -c -arch ppc -arch i386 -Wall -I/usr/local/include/SDL -D_GNU_SOURCE=1 -D_THREAD_SAFE conftest.c >&5
configure:4612: $? = 0
configure:4616: test -z 
			 || test ! -s conftest.err
configure:4619: $? = 0
configure:4622: test -s conftest.o
configure:4625: $? = 0
configure:4636: result: yes
configure:4590: checking for unistd.h
configure:4606: gcc -c -arch ppc -arch i386 -Wall -I/usr/local/include/SDL -D_GNU_SOURCE=1 -D_THREAD_SAFE conftest.c >&5
configure:4612: $? = 0
configure:4616: test -z 
			 || test ! -s conftest.err
configure:4619: $? = 0
configure:4622: test -s conftest.o
configure:4625: $? = 0
configure:4636: result: yes
configure:4665: checking fcntl.h usability
configure:4677: gcc -c -arch ppc -arch i386 -Wall -I/usr/local/include/SDL -D_GNU_SOURCE=1 -D_THREAD_SAFE conftest.c >&5
configure:4683: $? = 0
configure:4687: test -z 
			 || test ! -s conftest.err
configure:4690: $? = 0
configure:4693: test -s conftest.o
configure:4696: $? = 0
configure:4706: result: yes
configure:4710: checking fcntl.h presence
configure:4720: gcc -E -Wall -I/usr/local/include/SDL -D_GNU_SOURCE=1 -D_THREAD_SAFE conftest.c
configure:4726: $? = 0
configure:4746: result: yes
configure:4781: checking for fcntl.h
configure:4788: result: yes
configure:4656: checking for stdlib.h
configure:4661: result: yes
configure:4656: checking for string.h
configure:4661: result: yes
configure:4656: checking for unistd.h
configure:4661: result: yes
configure:4803: checking for an ANSI C-conforming const
configure:4870: gcc -c -arch ppc -arch i386 -Wall -I/usr/local/include/SDL -D_GNU_SOURCE=1 -D_THREAD_SAFE conftest.c >&5
conftest.c: In function 'main':
conftest.c:63: warning: unused variable 's'
conftest.c:83: warning: unused variable 'foo'
conftest.c:50: warning: unused variable 'zero'
conftest.c:44: warning: unused variable 'x'
conftest.c: In function 'main':
conftest.c:63: warning: unused variable 's'
conftest.c:83: warning: unused variable 'foo'
conftest.c:50: warning: unused variable 'zero'
conftest.c:44: warning: unused variable 'x'
configure:4876: $? = 0
configure:4880: test -z 
			 || test ! -s conftest.err
configure:4883: $? = 0
configure:4886: test -s conftest.o
configure:4889: $? = 0
configure:4900: result: yes
configure:4910: checking for uid_t in sys/types.h
configure:4933: result: yes
configure:4948: checking for size_t
configure:4972: gcc -c -arch ppc -arch i386 -Wall -I/usr/local/include/SDL -D_GNU_SOURCE=1 -D_THREAD_SAFE conftest.c >&5
configure:4978: $? = 0
configure:4982: test -z 
			 || test ! -s conftest.err
configure:4985: $? = 0
configure:4988: test -s conftest.o
configure:4991: $? = 0
configure:5002: result: yes
configure:5021: checking for stdlib.h
configure:5026: result: yes
configure:5166: checking for GNU libc compatible malloc
configure:5195: gcc -o conftest -arch ppc -arch i386 -Wall -I/usr/local/include/SDL -D_GNU_SOURCE=1 -D_THREAD_SAFE -arch i386 -arch ppc conftest.c -lz -lSDL_mixer -lintl -L/usr/local/lib -lSDLmain -lSDL -framework Cocoa -framework OpenGL >&5
configure:5198: $? = 0
configure:5200: ./conftest
configure:5203: $? = 0
configure:5217: result: yes
configure:5251: checking for vprintf
configure:5308: gcc -o conftest -arch ppc -arch i386 -Wall -I/usr/local/include/SDL -D_GNU_SOURCE=1 -D_THREAD_SAFE -arch i386 -arch ppc conftest.c -lz -lSDL_mixer -lintl -L/usr/local/lib -lSDLmain -lSDL -framework Cocoa -framework OpenGL >&5
conftest.c:62: warning: conflicting types for built-in function 'vprintf'
conftest.c:62: warning: conflicting types for built-in function 'vprintf'
configure:5314: $? = 0
configure:5318: test -z 
			 || test ! -s conftest.err
configure:5321: $? = 0
configure:5324: test -s conftest
configure:5327: $? = 0
configure:5339: result: yes
configure:5346: checking for _doprnt
configure:5403: gcc -o conftest -arch ppc -arch i386 -Wall -I/usr/local/include/SDL -D_GNU_SOURCE=1 -D_THREAD_SAFE -arch i386 -arch ppc conftest.c -lz -lSDL_mixer -lintl -L/usr/local/lib -lSDLmain -lSDL -framework Cocoa -framework OpenGL >&5
/usr/bin/ld: for architecture i386
/usr/bin/ld: Undefined symbols:
__doprnt
collect2: ld returned 1 exit status
/usr/bin/ld: for architecture ppc
/usr/bin/ld: Undefined symbols:
__doprnt
collect2: ld returned 1 exit status
lipo: can't open input file: /var/tmp//ccFMNl8e.out (No such file or directory)
configure:5409: $? = 1
configure: failed program was:
| /* confdefs.h.  */
| 
| #define PACKAGE_NAME ""
| #define PACKAGE_TARNAME ""
| #define PACKAGE_VERSION ""
| #define PACKAGE_STRING ""
| #define PACKAGE_BUGREPORT ""
| #define PACKAGE "toppler"
| #define VERSION "1.1.1"
| #define SYS_LINUX 0
| #define SYS_WINDOWS 1
| #define SYS_BEOS 2
| #define SYS_MACOSX 3
| #define SYSTEM SYS_LINUX
| #ifdef __cplusplus
| extern "C" void std::exit (int); using std::exit;
| #endif
| #define HAVE_LIBSDL_MIXER 1
| #define HAVE_LIBZ 1
| #define HAVE_DIRENT_H 1
| #define STDC_HEADERS 1
| #define HAVE_SYS_TYPES_H 1
| #define HAVE_SYS_STAT_H 1
| #define HAVE_STDLIB_H 1
| #define HAVE_STRING_H 1
| #define HAVE_MEMORY_H 1
| #define HAVE_STRINGS_H 1
| #define HAVE_INTTYPES_H 1
| #define HAVE_STDINT_H 1
| #define HAVE_UNISTD_H 1
| #define HAVE_FCNTL_H 1
| #define HAVE_STDLIB_H 1
| #define HAVE_STRING_H 1
| #define HAVE_UNISTD_H 1
| #define HAVE_STDLIB_H 1
| #define HAVE_MALLOC 1
| #define HAVE_VPRINTF 1
| /* end confdefs.h.  */
| /* Define _doprnt to an innocuous variant, in case <limits.h> declares _doprnt.
|    For example, HP-UX 11i <limits.h> declares gettimeofday.  */
| #define _doprnt innocuous__doprnt
| 
| /* System header to define __stub macros and hopefully few prototypes,
|     which can conflict with char _doprnt (); below.
|     Prefer <limits.h> to <assert.h> if __STDC__ is defined, since
|     <limits.h> exists even on freestanding compilers.  */
| 
| #ifdef __STDC__
| # include <limits.h>
| #else
| # include <assert.h>
| #endif
| 
| #undef _doprnt
| 
| /* Override any gcc2 internal prototype to avoid an error.  */
| #ifdef __cplusplus
| extern "C"
| {
| #endif
| /* We use char because int might match the return type of a gcc2
|    builtin and then its argument prototype would still apply.  */
| char _doprnt ();
| /* The GNU C library defines this for functions which it implements
|     to always fail with ENOSYS.  Some functions are actually named
|     something starting with __ and the normal name is an alias.  */
| #if defined (__stub__doprnt) || defined (__stub____doprnt)
| choke me
| #else
| char (*f) () = _doprnt;
| #endif
| #ifdef __cplusplus
| }
| #endif
| 
| int
| main ()
| {
| return f != _doprnt;
|   ;
|   return 0;
| }
configure:5434: result: no
configure:5458: checking for atexit
configure:5515: gcc -o conftest -arch ppc -arch i386 -Wall -I/usr/local/include/SDL -D_GNU_SOURCE=1 -D_THREAD_SAFE -arch i386 -arch ppc conftest.c -lz -lSDL_mixer -lintl -L/usr/local/lib -lSDLmain -lSDL -framework Cocoa -framework OpenGL >&5
configure:5521: $? = 0
configure:5525: test -z 
			 || test ! -s conftest.err
configure:5528: $? = 0
configure:5531: test -s conftest
configure:5534: $? = 0
configure:5546: result: yes
configure:5458: checking for memmove
configure:5515: gcc -o conftest -arch ppc -arch i386 -Wall -I/usr/local/include/SDL -D_GNU_SOURCE=1 -D_THREAD_SAFE -arch i386 -arch ppc conftest.c -lz -lSDL_mixer -lintl -L/usr/local/lib -lSDLmain -lSDL -framework Cocoa -framework OpenGL >&5
conftest.c:64: warning: conflicting types for built-in function 'memmove'
conftest.c:64: warning: conflicting types for built-in function 'memmove'
configure:5521: $? = 0
configure:5525: test -z 
			 || test ! -s conftest.err
configure:5528: $? = 0
configure:5531: test -s conftest
configure:5534: $? = 0
configure:5546: result: yes
configure:5458: checking for memset
configure:5515: gcc -o conftest -arch ppc -arch i386 -Wall -I/usr/local/include/SDL -D_GNU_SOURCE=1 -D_THREAD_SAFE -arch i386 -arch ppc conftest.c -lz -lSDL_mixer -lintl -L/usr/local/lib -lSDLmain -lSDL -framework Cocoa -framework OpenGL >&5
conftest.c:65: warning: conflicting types for built-in function 'memset'
conftest.c:65: warning: conflicting types for built-in function 'memset'
configure:5521: $? = 0
configure:5525: test -z 
			 || test ! -s conftest.err
configure:5528: $? = 0
configure:5531: test -s conftest
configure:5534: $? = 0
configure:5546: result: yes
configure:5458: checking for mkdir
configure:5515: gcc -o conftest -arch ppc -arch i386 -Wall -I/usr/local/include/SDL -D_GNU_SOURCE=1 -D_THREAD_SAFE -arch i386 -arch ppc conftest.c -lz -lSDL_mixer -lintl -L/usr/local/lib -lSDLmain -lSDL -framework Cocoa -framework OpenGL >&5
configure:5521: $? = 0
configure:5525: test -z 
			 || test ! -s conftest.err
configure:5528: $? = 0
configure:5531: test -s conftest
configure:5534: $? = 0
configure:5546: result: yes
configure:5458: checking for strcasecmp
configure:5515: gcc -o conftest -arch ppc -arch i386 -Wall -I/usr/local/include/SDL -D_GNU_SOURCE=1 -D_THREAD_SAFE -arch i386 -arch ppc conftest.c -lz -lSDL_mixer -lintl -L/usr/local/lib -lSDLmain -lSDL -framework Cocoa -framework OpenGL >&5
configure:5521: $? = 0
configure:5525: test -z 
			 || test ! -s conftest.err
configure:5528: $? = 0
configure:5531: test -s conftest
configure:5534: $? = 0
configure:5546: result: yes
configure:5458: checking for strchr
configure:5515: gcc -o conftest -arch ppc -arch i386 -Wall -I/usr/local/include/SDL -D_GNU_SOURCE=1 -D_THREAD_SAFE -arch i386 -arch ppc conftest.c -lz -lSDL_mixer -lintl -L/usr/local/lib -lSDLmain -lSDL -framework Cocoa -framework OpenGL >&5
conftest.c:68: warning: conflicting types for built-in function 'strchr'
conftest.c:68: warning: conflicting types for built-in function 'strchr'
configure:5521: $? = 0
configure:5525: test -z 
			 || test ! -s conftest.err
configure:5528: $? = 0
configure:5531: test -s conftest
configure:5534: $? = 0
configure:5546: result: yes
configure:5458: checking for strstr
configure:5515: gcc -o conftest -arch ppc -arch i386 -Wall -I/usr/local/include/SDL -D_GNU_SOURCE=1 -D_THREAD_SAFE -arch i386 -arch ppc conftest.c -lz -lSDL_mixer -lintl -L/usr/local/lib -lSDLmain -lSDL -framework Cocoa -framework OpenGL >&5
conftest.c:69: warning: conflicting types for built-in function 'strstr'
conftest.c:69: warning: conflicting types for built-in function 'strstr'
configure:5521: $? = 0
configure:5525: test -z 
			 || test ! -s conftest.err
configure:5528: $? = 0
configure:5531: test -s conftest
configure:5534: $? = 0
configure:5546: result: yes
configure:5571: checking whether NLS is requested
configure:5580: result: yes
configure:5618: checking for msgfmt
configure:5649: result: /usr/local/bin/msgfmt
configure:5658: checking for gmsgfmt
configure:5689: result: /usr/local/bin/msgfmt
configure:5728: checking for xgettext
configure:5759: result: /usr/local/bin/xgettext
configure:5799: checking for msgmerge
configure:5829: result: /usr/local/bin/msgmerge
configure:5904: checking for ld used by GCC
configure:5967: result: /usr/bin/ld
configure:5976: checking if the linker (/usr/bin/ld) is GNU ld
configure:5988: result: no
configure:5994: checking for shared library run path origin
configure:6007: result: done
configure:6423: checking whether NLS is requested
configure:6432: result: yes
configure:6450: checking for GNU gettext in libc
configure:6474: gcc -o conftest -arch ppc -arch i386 -Wall -I/usr/local/include/SDL -D_GNU_SOURCE=1 -D_THREAD_SAFE -arch i386 -arch ppc conftest.c -lz -lSDL_mixer -lintl -L/usr/local/lib -lSDLmain -lSDL -framework Cocoa -framework OpenGL >&5
/usr/bin/ld: for architecture i386
/usr/bin/ld: Undefined symbols:
__nl_domain_bindings
collect2: ld returned 1 exit status
/usr/bin/ld: for architecture ppc
/usr/bin/ld: Undefined symbols:
__nl_domain_bindings
collect2: ld returned 1 exit status
lipo: can't open input file: /var/tmp//ccjdcpp2.out (No such file or directory)
configure:6480: $? = 1
configure: failed program was:
| /* confdefs.h.  */
| 
| #define PACKAGE_NAME ""
| #define PACKAGE_TARNAME ""
| #define PACKAGE_VERSION ""
| #define PACKAGE_STRING ""
| #define PACKAGE_BUGREPORT ""
| #define PACKAGE "toppler"
| #define VERSION "1.1.1"
| #define SYS_LINUX 0
| #define SYS_WINDOWS 1
| #define SYS_BEOS 2
| #define SYS_MACOSX 3
| #define SYSTEM SYS_LINUX
| #ifdef __cplusplus
| extern "C" void std::exit (int); using std::exit;
| #endif
| #define HAVE_LIBSDL_MIXER 1
| #define HAVE_LIBZ 1
| #define HAVE_DIRENT_H 1
| #define STDC_HEADERS 1
| #define HAVE_SYS_TYPES_H 1
| #define HAVE_SYS_STAT_H 1
| #define HAVE_STDLIB_H 1
| #define HAVE_STRING_H 1
| #define HAVE_MEMORY_H 1
| #define HAVE_STRINGS_H 1
| #define HAVE_INTTYPES_H 1
| #define HAVE_STDINT_H 1
| #define HAVE_UNISTD_H 1
| #define HAVE_FCNTL_H 1
| #define HAVE_STDLIB_H 1
| #define HAVE_STRING_H 1
| #define HAVE_UNISTD_H 1
| #define HAVE_STDLIB_H 1
| #define HAVE_MALLOC 1
| #define HAVE_VPRINTF 1
| #define HAVE_ATEXIT 1
| #define HAVE_MEMMOVE 1
| #define HAVE_MEMSET 1
| #define HAVE_MKDIR 1
| #define HAVE_STRCASECMP 1
| #define HAVE_STRCHR 1
| #define HAVE_STRSTR 1
| /* end confdefs.h.  */
| #include <libintl.h>
| extern int _nl_msg_cat_cntr;
| extern int *_nl_domain_bindings;
| int
| main ()
| {
| bindtextdomain ("", "");
| return (int) gettext ("") + _nl_msg_cat_cntr + *_nl_domain_bindings
|   ;
|   return 0;
| }
configure:6505: result: no
configure:6539: checking for iconv
configure:6566: gcc -o conftest -arch ppc -arch i386 -Wall -I/usr/local/include/SDL -D_GNU_SOURCE=1 -D_THREAD_SAFE -arch i386 -arch ppc conftest.c -lz -lSDL_mixer -lintl -L/usr/local/lib -lSDLmain -lSDL -framework Cocoa -framework OpenGL >&5
/usr/bin/ld: for architecture i386
/usr/bin/ld: Undefined symbols:
_libiconv
_libiconv_close
_libiconv_open
collect2: ld returned 1 exit status
/usr/bin/ld: for architecture ppc
/usr/bin/ld: Undefined symbols:
_libiconv
_libiconv_close
_libiconv_open
collect2: ld returned 1 exit status
lipo: can't open input file: /var/tmp//ccVK9rc2.out (No such file or directory)
configure:6572: $? = 1
configure: failed program was:
| /* confdefs.h.  */
| 
| #define PACKAGE_NAME ""
| #define PACKAGE_TARNAME ""
| #define PACKAGE_VERSION ""
| #define PACKAGE_STRING ""
| #define PACKAGE_BUGREPORT ""
| #define PACKAGE "toppler"
| #define VERSION "1.1.1"
| #define SYS_LINUX 0
| #define SYS_WINDOWS 1
| #define SYS_BEOS 2
| #define SYS_MACOSX 3
| #define SYSTEM SYS_LINUX
| #ifdef __cplusplus
| extern "C" void std::exit (int); using std::exit;
| #endif
| #define HAVE_LIBSDL_MIXER 1
| #define HAVE_LIBZ 1
| #define HAVE_DIRENT_H 1
| #define STDC_HEADERS 1
| #define HAVE_SYS_TYPES_H 1
| #define HAVE_SYS_STAT_H 1
| #define HAVE_STDLIB_H 1
| #define HAVE_STRING_H 1
| #define HAVE_MEMORY_H 1
| #define HAVE_STRINGS_H 1
| #define HAVE_INTTYPES_H 1
| #define HAVE_STDINT_H 1
| #define HAVE_UNISTD_H 1
| #define HAVE_FCNTL_H 1
| #define HAVE_STDLIB_H 1
| #define HAVE_STRING_H 1
| #define HAVE_UNISTD_H 1
| #define HAVE_STDLIB_H 1
| #define HAVE_MALLOC 1
| #define HAVE_VPRINTF 1
| #define HAVE_ATEXIT 1
| #define HAVE_MEMMOVE 1
| #define HAVE_MEMSET 1
| #define HAVE_MKDIR 1
| #define HAVE_STRCASECMP 1
| #define HAVE_STRCHR 1
| #define HAVE_STRSTR 1
| /* end confdefs.h.  */
| #include <stdlib.h>
| #include <iconv.h>
| int
| main ()
| {
| iconv_t cd = iconv_open("","");
|        iconv(cd,NULL,NULL,NULL,NULL);
|        iconv_close(cd);
|   ;
|   return 0;
| }
configure:6617: gcc -o conftest -arch ppc -arch i386 -Wall -I/usr/local/include/SDL -D_GNU_SOURCE=1 -D_THREAD_SAFE -arch i386 -arch ppc conftest.c -lz -lSDL_mixer -lintl -L/usr/local/lib -lSDLmain -lSDL -framework Cocoa -framework OpenGL -liconv >&5
configure:6623: $? = 0
configure:6627: test -z 
			 || test ! -s conftest.err
configure:6630: $? = 0
configure:6633: test -s conftest
configure:6636: $? = 0
configure:6651: result: yes
configure:6661: checking how to link with libiconv
configure:6663: result: -liconv
configure:7052: checking for GNU gettext in libintl
configure:7084: gcc -o conftest -arch ppc -arch i386 -Wall -I/usr/local/include/SDL -D_GNU_SOURCE=1 -D_THREAD_SAFE  -arch i386 -arch ppc conftest.c -lz -lSDL_mixer -lintl -L/usr/local/lib -lSDLmain -lSDL -framework Cocoa -framework OpenGL -lintl >&5
configure:7090: $? = 0
configure:7094: test -z 
			 || test ! -s conftest.err
configure:7097: $? = 0
configure:7100: test -s conftest
configure:7103: $? = 0
configure:7175: result: yes
configure:7204: checking whether to use NLS
configure:7206: result: yes
configure:7209: checking where the gettext function comes from
configure:7220: result: external libintl
configure:7228: checking how to link with libintl
configure:7230: result: -lintl
configure:7380: creating ./config.status

## ---------------------- ##
## Running config.status. ##
## ---------------------- ##

This file was extended by config.status, which was
generated by GNU Autoconf 2.59.  Invocation command line was

  CONFIG_FILES    = 
  CONFIG_HEADERS  = 
  CONFIG_LINKS    = 
  CONFIG_COMMANDS = 
  $ ./config.status 

on powerbook.censoft.com

config.status:727: creating Makefile
config.status:727: creating toppler.spec
config.status:727: creating toppler.desktop
config.status:727: creating po/Makefile.in
config.status:831: creating config.h
config.status:1007: config.h is unchanged
config.status:1171: executing default-1 commands
config.status:1171: executing default-2 commands

## ---------------- ##
## Cache variables. ##
## ---------------- ##

ac_cv_build=i386-apple-darwin8.10.1
ac_cv_build_alias=i386-apple-darwin8.10.1
ac_cv_c_compiler_gnu=yes
ac_cv_c_const=yes
ac_cv_cxx_compiler_gnu=yes
ac_cv_env_CC_set=
ac_cv_env_CC_value=
ac_cv_env_CFLAGS_set=set
ac_cv_env_CFLAGS_value='-arch ppc -arch i386'
ac_cv_env_CPPFLAGS_set=set
ac_cv_env_CPPFLAGS_value='-arch i386 -arch ppc'
ac_cv_env_CPP_set=
ac_cv_env_CPP_value=
ac_cv_env_CXXFLAGS_set=set
ac_cv_env_CXXFLAGS_value='-arch i386 -arch ppc'
ac_cv_env_CXX_set=
ac_cv_env_CXX_value=
ac_cv_env_LDFLAGS_set=set
ac_cv_env_LDFLAGS_value='-arch i386 -arch ppc'
ac_cv_env_build_alias_set=
ac_cv_env_build_alias_value=
ac_cv_env_host_alias_set=
ac_cv_env_host_alias_value=
ac_cv_env_target_alias_set=
ac_cv_env_target_alias_value=
ac_cv_exeext=
ac_cv_func__doprnt=no
ac_cv_func_atexit=yes
ac_cv_func_malloc_0_nonnull=yes
ac_cv_func_memmove=yes
ac_cv_func_memset=yes
ac_cv_func_mkdir=yes
ac_cv_func_strcasecmp=yes
ac_cv_func_strchr=yes
ac_cv_func_strstr=yes
ac_cv_func_vprintf=yes
ac_cv_header_dirent_dirent_h=yes
ac_cv_header_fcntl_h=yes
ac_cv_header_inttypes_h=yes
ac_cv_header_memory_h=yes
ac_cv_header_stdc=yes
ac_cv_header_stdint_h=yes
ac_cv_header_stdlib_h=yes
ac_cv_header_string_h=yes
ac_cv_header_strings_h=yes
ac_cv_header_sys_stat_h=yes
ac_cv_header_sys_types_h=yes
ac_cv_header_unistd_h=yes
ac_cv_host=i386-apple-darwin8.10.1
ac_cv_host_alias=i386-apple-darwin8.10.1
ac_cv_lib_SDL_mixer_main=yes
ac_cv_lib_z_uncompress=yes
ac_cv_objext=o
ac_cv_path_GMSGFMT=/usr/local/bin/msgfmt
ac_cv_path_MSGFMT=/usr/local/bin/msgfmt
ac_cv_path_MSGMERGE=/usr/local/bin/msgmerge
ac_cv_path_SDL_CONFIG=/usr/local/bin/sdl-config
ac_cv_path_XGETTEXT=/usr/local/bin/xgettext
ac_cv_path_install='/usr/bin/install -c'
ac_cv_prog_AWK=awk
ac_cv_prog_CPP='gcc -E'
ac_cv_prog_ac_ct_CC=gcc
ac_cv_prog_ac_ct_CXX=g++
ac_cv_prog_cc_g=yes
ac_cv_prog_cc_stdc=
ac_cv_prog_cxx_g=yes
ac_cv_prog_egrep='grep -E'
ac_cv_prog_make_make_set=yes
ac_cv_search_opendir='none required'
ac_cv_target=i386-apple-darwin8.10.1
ac_cv_target_alias=i386-apple-darwin8.10.1
ac_cv_type_size_t=yes
ac_cv_type_uid_t=yes
acl_cv_hardcode_direct=no
acl_cv_hardcode_libdir_flag_spec=
acl_cv_hardcode_libdir_separator=
acl_cv_hardcode_minus_L=no
acl_cv_libext=a
acl_cv_path_LD=/usr/bin/ld
acl_cv_prog_gnu_ld=no
acl_cv_rpath=done
acl_cv_shlibext=dylib
acl_cv_wl=-Wl,
am_cv_CC_dependencies_compiler_type=none
am_cv_CXX_dependencies_compiler_type=none
am_cv_func_iconv=yes
am_cv_lib_iconv=yes
gt_cv_func_gnugettext1_libc=no
gt_cv_func_gnugettext1_libintl=yes

## ----------------- ##
## Output variables. ##
## ----------------- ##

ACLOCAL='${SHELL} /Users/jasonk/projects/toppler-1.1.1-macosx/missing --run aclocal'
AMDEPBACKSLASH=''
AMDEP_FALSE=''
AMDEP_TRUE='#'
AMTAR='${SHELL} /Users/jasonk/projects/toppler-1.1.1-macosx/missing --run tar'
AUTOCONF='${SHELL} /Users/jasonk/projects/toppler-1.1.1-macosx/missing --run autoconf'
AUTOHEADER='${SHELL} /Users/jasonk/projects/toppler-1.1.1-macosx/missing --run autoheader'
AUTOMAKE='${SHELL} /Users/jasonk/projects/toppler-1.1.1-macosx/missing --run automake'
AWK='awk'
CC='gcc'
CCDEPMODE='depmode=none'
CFLAGS='-arch ppc -arch i386'
CPP='gcc -E'
CPPFLAGS='-Wall -I/usr/local/include/SDL -D_GNU_SOURCE=1 -D_THREAD_SAFE'
CXX='g++'
CXXDEPMODE='depmode=none'
CXXFLAGS='-arch i386 -arch ppc'
DEFS='-DHAVE_CONFIG_H'
DEPDIR='.deps'
ECHO_C=''
ECHO_N='-n'
ECHO_T=''
EGREP='grep -E'
EXEEXT=''
GMSGFMT='/usr/local/bin/msgfmt'
INSTALL_DATA='${INSTALL} -m 644'
INSTALL_PROGRAM='${INSTALL}'
INSTALL_SCRIPT='${INSTALL}'
INSTALL_STRIP_PROGRAM='${SHELL} $(install_sh) -c -s'
INTLLIBS='-lintl'
LDFLAGS='-arch i386 -arch ppc'
LIBICONV='-liconv'
LIBINTL='-lintl'
LIBOBJS=''
LIBS='-lz -lSDL_mixer -lintl -L/usr/local/lib -lSDLmain -lSDL -framework Cocoa -framework OpenGL'
LN_S='ln -s'
LTLIBICONV='-liconv'
LTLIBINTL='-lintl'
LTLIBOBJS=''
MAINT='#'
MAINTAINER_MODE_FALSE=''
MAINTAINER_MODE_TRUE='#'
MAKEINFO='${SHELL} /Users/jasonk/projects/toppler-1.1.1-macosx/missing --run makeinfo'
MKINSTALLDIRS='$(top_builddir)/./mkinstalldirs'
MSGFMT='/usr/local/bin/msgfmt'
MSGMERGE='/usr/local/bin/msgmerge'
OBJEXT='o'
PACKAGE='toppler'
PACKAGE_BUGREPORT=''
PACKAGE_NAME=''
PACKAGE_STRING=''
PACKAGE_TARNAME=''
PACKAGE_VERSION=''
PATH_SEPARATOR=':'
POSUB='po'
SDL_CFLAGS='-I/usr/local/include/SDL -D_GNU_SOURCE=1 -D_THREAD_SAFE'
SDL_CONFIG='/usr/local/bin/sdl-config'
SDL_LIBS='-L/usr/local/lib -lSDLmain -lSDL -framework Cocoa -framework OpenGL'
SET_MAKE=''
SHELL='/bin/sh'
USE_NLS='yes'
VERSION='1.1.1'
XGETTEXT='/usr/local/bin/xgettext'
ac_ct_CC='gcc'
ac_ct_CXX='g++'
am__include='include'
am__quote=''
bindir='./Toppler.app/Contents/MacOS'
build='i386-apple-darwin8.10.1'
build_alias=''
build_cpu='i386'
build_os='darwin8.10.1'
build_vendor='apple'
datadir='${prefix}/share'
exec_prefix='./Toppler.app/Contents/MacOS'
host='i386-apple-darwin8.10.1'
host_alias=''
host_cpu='i386'
host_os='darwin8.10.1'
host_vendor='apple'
includedir='${prefix}/include'
infodir='${prefix}/info'
install_sh='/Users/jasonk/projects/toppler-1.1.1-macosx/install-sh'
libdir='${exec_prefix}/lib'
libexecdir='${exec_prefix}/libexec'
localstatedir='${prefix}/var'
mandir='${prefix}/man'
oldincludedir='/usr/include'
prefix='./Toppler.app/Contents/Resources/toppler'
program_transform_name='s,x,x,'
sbindir='${exec_prefix}/sbin'
sharedstatedir='${prefix}/com'
sysconfdir='${prefix}/etc'
target='i386-apple-darwin8.10.1'
target_alias=''
target_cpu='i386'
target_os='darwin8.10.1'
target_vendor='apple'

## ----------- ##
## confdefs.h. ##
## ----------- ##

#define ENABLE_NLS 1
#define HAVE_ATEXIT 1
#define HAVE_DCGETTEXT 1
#define HAVE_DIRENT_H 1
#define HAVE_FCNTL_H 1
#define HAVE_GETTEXT 1
#define HAVE_ICONV 1
#define HAVE_INTTYPES_H 1
#define HAVE_LIBSDL_MIXER 1
#define HAVE_LIBZ 1
#define HAVE_MALLOC 1
#define HAVE_MEMMOVE 1
#define HAVE_MEMORY_H 1
#define HAVE_MEMSET 1
#define HAVE_MKDIR 1
#define HAVE_STDINT_H 1
#define HAVE_STDLIB_H 1
#define HAVE_STDLIB_H 1
#define HAVE_STDLIB_H 1
#define HAVE_STRCASECMP 1
#define HAVE_STRCHR 1
#define HAVE_STRINGS_H 1
#define HAVE_STRING_H 1
#define HAVE_STRING_H 1
#define HAVE_STRSTR 1
#define HAVE_SYS_STAT_H 1
#define HAVE_SYS_TYPES_H 1
#define HAVE_UNISTD_H 1
#define HAVE_UNISTD_H 1
#define HAVE_VPRINTF 1
#define PACKAGE "toppler"
#define PACKAGE_BUGREPORT ""
#define PACKAGE_NAME ""
#define PACKAGE_STRING ""
#define PACKAGE_TARNAME ""
#define PACKAGE_VERSION ""
#define STDC_HEADERS 1
#define SYSTEM SYS_LINUX
#define SYS_BEOS 2
#define SYS_LINUX 0
#define SYS_MACOSX 3
#define SYS_WINDOWS 1
#define VERSION "1.1.1"
#endif
#ifdef __cplusplus
extern "C" void std::exit (int); using std::exit;

configure: exit 0

## ---------------------- ##
## Running config.status. ##
## ---------------------- ##

This file was extended by config.status, which was
generated by GNU Autoconf 2.59.  Invocation command line was

  CONFIG_FILES    = 
  CONFIG_HEADERS  = config.h
  CONFIG_LINKS    = 
  CONFIG_COMMANDS = 
  $ ./config.status 

on powerbook.censoft.com

config.status:831: creating config.h
config.status:1007: config.h is unchanged
config.status:1171: executing default-1 commands
config.status:1171: executing default-2 commands
